[debug] [2022-01-16T17:36:40.146Z] ----------------------------------------------------------------------
[debug] [2022-01-16T17:36:40.147Z] Command:       C:\Program Files\nodejs\node.exe C:\Users\chinm\AppData\Roaming\npm\node_modules\firebase-tools\lib\bin\firebase.js init
[debug] [2022-01-16T17:36:40.147Z] CLI Version:   10.1.0
[debug] [2022-01-16T17:36:40.147Z] Platform:      win32
[debug] [2022-01-16T17:36:40.147Z] Node Version:  v16.13.2
[debug] [2022-01-16T17:36:40.148Z] Time:          Sun Jan 16 2022 23:06:40 GMT+0530 (India Standard Time)
[debug] [2022-01-16T17:36:40.148Z] ----------------------------------------------------------------------
[debug] 
[debug] [2022-01-16T17:36:40.187Z] > command requires scopes: ["email","openid","https://www.googleapis.com/auth/cloudplatformprojects.readonly","https://www.googleapis.com/auth/firebase","https://www.googleapis.com/auth/cloud-platform"]
[debug] [2022-01-16T17:36:40.188Z] > authorizing via signed-in user (chinmay.annadate0112@gmail.com)
[info] 
     ######## #### ########  ######## ########     ###     ######  ########
     ##        ##  ##     ## ##       ##     ##  ##   ##  ##       ##
     ######    ##  ########  ######   ########  #########  ######  ######
     ##        ##  ##    ##  ##       ##     ## ##     ##       ## ##
     ##       #### ##     ## ######## ########  ##     ##  ######  ########

You're about to initialize a Firebase project in this directory:

  C:\Users\chinm\Desktop\disney-plus-clone

Before we get started, keep in mind:

  * You are initializing within an existing Firebase project directory

[info] 
=== Project Setup
[info] 
[info] First, let's associate this project directory with a Firebase project.
[info] You can create multiple project aliases by running firebase use --add, 
[info] but for now we'll just set up a default project.
[info] 
[debug] [2022-01-16T17:36:47.805Z] Using project from CLI flag: disneyplus-clone-c25e3
[debug] [2022-01-16T17:36:47.807Z] >>> [apiv2][query] GET https://firebase.googleapis.com/v1beta1/projects/disneyplus-clone-c25e3 [none]
[debug] [2022-01-16T17:36:48.339Z] <<< [apiv2][status] GET https://firebase.googleapis.com/v1beta1/projects/disneyplus-clone-c25e3 200
[debug] [2022-01-16T17:36:48.339Z] <<< [apiv2][body] GET https://firebase.googleapis.com/v1beta1/projects/disneyplus-clone-c25e3 {"projectId":"disneyplus-clone-c25e3","projectNumber":"933219848396","displayName":"disneyplus-clone","name":"projects/disneyplus-clone-c25e3","resources":{"hostingSite":"disneyplus-clone-c25e3","realtimeDatabaseInstance":"disneyplus-clone-c25e3-default-rtdb","storageBucket":"disneyplus-clone-c25e3.appspot.com","locationId":"us-central"},"state":"ACTIVE"}
[info] i  Using project disneyplus-clone-c25e3 (disneyplus-clone) 
[info] 
=== Hosting Setup
[info] 
[info] Your public directory is the folder (relative to your project directory) that
[info] will contain Hosting assets to be uploaded with firebase deploy. If you
[info] have a build process for your assets, use your build's output directory.
[info] 
